<?xml version="1.0" encoding="UTF-8"?>
<testsuite name="TestSuite" time="8.276" tests="4" errors="0" skipped="0" failures="0">
  <properties>
[...]
</properties>
  <testcase name="checkoutItems" classname="com.ebay.tests.CheckoutTest" time="8.276"/>
  <testcase name="checkoutItems" classname="com.ebay.tests.CheckoutTest" time="7.365"/>
  <testcase name="checkoutItems" classname="com.ebay.tests.CheckoutTest" time="7.073"/>
  <testcase name="checkoutItems" classname="com.ebay.tests.CheckoutTest" time="7.261"/>
</testsuite>