<?xml version="1.0" encoding="UTF-8"?>
<testng-results ignored="0" total="4" passed="4" failed="0" skipped="0">
  <reporter-output>
  </reporter-output>
  <suite started-at="2024-03-11T07:50:16Z" name="Suite" finished-at="2024-03-11T07:51:01Z" duration-ms="45067">
    <groups>
    </groups>
    <test started-at="2024-03-11T07:50:16Z" name="checkout-chrome" finished-at="2024-03-11T07:50:24Z" duration-ms="8277">
      <class name="com.ebay.tests.CheckoutTest">
        <test-method signature="checkoutItems(java.lang.String, java.lang.String, java.lang.String)[pri:0, instance:com.ebay.tests.CheckoutTest@36b4cef0]" started-at="2024-03-11T07:50:16Z" name="checkoutItems" finished-at="2024-03-11T07:50:24Z" duration-ms="8272" status="PASS">
          <params>
            <param index="0">
              <value>
                <![CDATA[chrome]]>
              </value>
            </param>
            <param index="1">
              <value>
                <![CDATA[virgil.jenkins@rediffmail.com]]>
              </value>
            </param>
            <param index="2">
              <value>
                <![CDATA[Ebay0007]]>
              </value>
            </param>
          </params>
          <reporter-output>
          </reporter-output>
        </test-method> <!-- checkoutItems -->
      </class> <!-- com.ebay.tests.CheckoutTest -->
    </test> <!-- checkout-chrome -->
    <test started-at="2024-03-11T07:50:29Z" name="checkout-safari" finished-at="2024-03-11T07:50:37Z" duration-ms="7373">
      <class name="com.ebay.tests.CheckoutTest">
        <test-method signature="checkoutItems(java.lang.String, java.lang.String, java.lang.String)[pri:0, instance:com.ebay.tests.CheckoutTest@371a67ec]" started-at="2024-03-11T07:50:29Z" name="checkoutItems" finished-at="2024-03-11T07:50:37Z" duration-ms="7372" status="PASS">
          <params>
            <param index="0">
              <value>
                <![CDATA[firefox]]>
              </value>
            </param>
            <param index="1">
              <value>
                <![CDATA[virgil.jenkins@rediffmail.com]]>
              </value>
            </param>
            <param index="2">
              <value>
                <![CDATA[Ebay0007]]>
              </value>
            </param>
          </params>
          <reporter-output>
          </reporter-output>
        </test-method> <!-- checkoutItems -->
      </class> <!-- com.ebay.tests.CheckoutTest -->
    </test> <!-- checkout-safari -->
    <test started-at="2024-03-11T07:50:42Z" name="test1" finished-at="2024-03-11T07:50:49Z" duration-ms="7075">
      <class name="com.ebay.tests.CheckoutTest">
        <test-method signature="checkoutItems(java.lang.String, java.lang.String, java.lang.String)[pri:0, instance:com.ebay.tests.CheckoutTest@1a3869f4]" started-at="2024-03-11T07:50:42Z" name="checkoutItems" finished-at="2024-03-11T07:50:49Z" duration-ms="7074" status="PASS">
          <params>
            <param index="0">
              <value>
                <![CDATA[chrome]]>
              </value>
            </param>
            <param index="1">
              <value>
                <![CDATA[virgil.jenkins@rediffmail.com]]>
              </value>
            </param>
            <param index="2">
              <value>
                <![CDATA[Ebay0007]]>
              </value>
            </param>
          </params>
          <reporter-output>
          </reporter-output>
        </test-method> <!-- checkoutItems -->
      </class> <!-- com.ebay.tests.CheckoutTest -->
    </test> <!-- test1 -->
    <test started-at="2024-03-11T07:50:54Z" name="test4848" finished-at="2024-03-11T07:51:01Z" duration-ms="7265">
      <class name="com.ebay.tests.CheckoutTest">
        <test-method signature="checkoutItems(java.lang.String, java.lang.String, java.lang.String)[pri:0, instance:com.ebay.tests.CheckoutTest@4d3167f4]" started-at="2024-03-11T07:50:54Z" name="checkoutItems" finished-at="2024-03-11T07:51:01Z" duration-ms="7263" status="PASS">
          <params>
            <param index="0">
              <value>
                <![CDATA[chrome]]>
              </value>
            </param>
            <param index="1">
              <value>
                <![CDATA[qa.vimukt@gmail.com]]>
              </value>
            </param>
            <param index="2">
              <value>
                <![CDATA[Ebay0007]]>
              </value>
            </param>
          </params>
          <reporter-output>
          </reporter-output>
        </test-method> <!-- checkoutItems -->
      </class> <!-- com.ebay.tests.CheckoutTest -->
    </test> <!-- test4848 -->
  </suite> <!-- Suite -->
</testng-results>
