<?xml version="1.0" encoding="UTF-8"?>
<testng-results ignored="0" total="4" passed="3" failed="1" skipped="0">
  <reporter-output>
  </reporter-output>
  <suite started-at="2024-03-09T11:13:09Z" name="Suite" finished-at="2024-03-09T11:13:41Z" duration-ms="32398">
    <groups>
    </groups>
    <test started-at="2024-03-09T11:13:09Z" name="checkout-chrome" finished-at="2024-03-09T11:13:16Z" duration-ms="7559">
      <class name="com.ebay.tests.CheckoutTest">
        <test-method signature="checkoutItems(java.lang.String, java.lang.String, java.lang.String)[pri:0, instance:com.ebay.tests.CheckoutTest@2893de87]" started-at="2024-03-09T11:13:09Z" name="checkoutItems" finished-at="2024-03-09T11:13:16Z" duration-ms="7545" status="PASS">
          <params>
            <param index="0">
              <value>
                <![CDATA[chrome]]>
              </value>
            </param>
            <param index="1">
              <value>
                <![CDATA[virgil.jenkins@rediffmail.com]]>
              </value>
            </param>
            <param index="2">
              <value>
                <![CDATA[Ebay0007]]>
              </value>
            </param>
          </params>
          <reporter-output>
          </reporter-output>
        </test-method> <!-- checkoutItems -->
      </class> <!-- com.ebay.tests.CheckoutTest -->
    </test> <!-- checkout-chrome -->
    <test started-at="2024-03-09T11:13:21Z" name="checkout-safari" finished-at="2024-03-09T11:13:21Z" duration-ms="5">
      <class name="com.ebay.tests.CheckoutTest">
        <test-method signature="checkoutItems(java.lang.String, java.lang.String, java.lang.String)[pri:0, instance:com.ebay.tests.CheckoutTest@3b2cf7ab]" started-at="2024-03-09T11:13:21Z" name="checkoutItems" finished-at="2024-03-09T11:13:21Z" duration-ms="3" status="FAIL">
          <params>
            <param index="0">
              <value>
                <![CDATA[firefox]]>
              </value>
            </param>
            <param index="1">
              <value>
                <![CDATA[virgil.jenkins@rediffmail.com]]>
              </value>
            </param>
            <param index="2">
              <value>
                <![CDATA[Ebay0007]]>
              </value>
            </param>
          </params>
          <exception class="java.lang.IllegalArgumentException">
            <message>
              <![CDATA[Capabilities must be set]]>
            </message>
            <full-stacktrace>
              <![CDATA[java.lang.IllegalArgumentException: Capabilities must be set
at org.openqa.selenium.internal.Require.nonNull(Require.java:60)
at org.openqa.selenium.remote.RemoteWebDriver.<init>(RemoteWebDriver.java:144)
at com.ebay.utils.Utils.getDriver(Utils.java:34)
at com.ebay.tests.CheckoutTest.checkoutItems(CheckoutTest.java:25)
at java.base/jdk.internal.reflect.NativeMethodAccessorImpl.invoke0(Native Method)
at java.base/jdk.internal.reflect.NativeMethodAccessorImpl.invoke(NativeMethodAccessorImpl.java:77)
at java.base/jdk.internal.reflect.DelegatingMethodAccessorImpl.invoke(DelegatingMethodAccessorImpl.java:43)
at java.base/java.lang.reflect.Method.invoke(Method.java:568)
at org.testng.internal.MethodInvocationHelper.invokeMethod(MethodInvocationHelper.java:124)
at org.testng.internal.Invoker.invokeMethod(Invoker.java:583)
at org.testng.internal.Invoker.invokeTestMethod(Invoker.java:719)
at org.testng.internal.Invoker.invokeTestMethods(Invoker.java:989)
at org.testng.internal.TestMethodWorker.invokeTestMethods(TestMethodWorker.java:125)
at org.testng.internal.TestMethodWorker.run(TestMethodWorker.java:109)
at org.testng.TestRunner.privateRun(TestRunner.java:648)
at org.testng.TestRunner.run(TestRunner.java:505)
at org.testng.SuiteRunner.runTest(SuiteRunner.java:455)
at org.testng.SuiteRunner.access$000(SuiteRunner.java:40)
at org.testng.SuiteRunner$SuiteWorker.run(SuiteRunner.java:489)
at org.testng.internal.thread.ThreadUtil$1.call(ThreadUtil.java:52)
at java.base/java.util.concurrent.FutureTask.run(FutureTask.java:264)
at java.base/java.util.concurrent.ThreadPoolExecutor.runWorker(ThreadPoolExecutor.java:1136)
at java.base/java.util.concurrent.ThreadPoolExecutor$Worker.run(ThreadPoolExecutor.java:635)
at java.base/java.lang.Thread.run(Thread.java:842)
]]>
            </full-stacktrace>
          </exception> <!-- java.lang.IllegalArgumentException -->
          <reporter-output>
          </reporter-output>
        </test-method> <!-- checkoutItems -->
      </class> <!-- com.ebay.tests.CheckoutTest -->
    </test> <!-- checkout-safari -->
    <test started-at="2024-03-09T11:13:21Z" name="test1" finished-at="2024-03-09T11:13:29Z" duration-ms="7443">
      <class name="com.ebay.tests.CheckoutTest">
        <test-method signature="checkoutItems(java.lang.String, java.lang.String, java.lang.String)[pri:0, instance:com.ebay.tests.CheckoutTest@13acb0d1]" started-at="2024-03-09T11:13:21Z" name="checkoutItems" finished-at="2024-03-09T11:13:29Z" duration-ms="7439" status="PASS">
          <params>
            <param index="0">
              <value>
                <![CDATA[chrome]]>
              </value>
            </param>
            <param index="1">
              <value>
                <![CDATA[virgil.jenkins@rediffmail.com]]>
              </value>
            </param>
            <param index="2">
              <value>
                <![CDATA[Ebay0007]]>
              </value>
            </param>
          </params>
          <reporter-output>
          </reporter-output>
        </test-method> <!-- checkoutItems -->
      </class> <!-- com.ebay.tests.CheckoutTest -->
    </test> <!-- test1 -->
    <test started-at="2024-03-09T11:13:34Z" name="test4848" finished-at="2024-03-09T11:13:41Z" duration-ms="7292">
      <class name="com.ebay.tests.CheckoutTest">
        <test-method signature="checkoutItems(java.lang.String, java.lang.String, java.lang.String)[pri:0, instance:com.ebay.tests.CheckoutTest@15761df8]" started-at="2024-03-09T11:13:34Z" name="checkoutItems" finished-at="2024-03-09T11:13:41Z" duration-ms="7287" status="PASS">
          <params>
            <param index="0">
              <value>
                <![CDATA[chrome]]>
              </value>
            </param>
            <param index="1">
              <value>
                <![CDATA[qa.vimukt@gmail.com]]>
              </value>
            </param>
            <param index="2">
              <value>
                <![CDATA[Ebay0007]]>
              </value>
            </param>
          </params>
          <reporter-output>
          </reporter-output>
        </test-method> <!-- checkoutItems -->
      </class> <!-- com.ebay.tests.CheckoutTest -->
    </test> <!-- test4848 -->
  </suite> <!-- Suite -->
</testng-results>
